[2021-01-16 14:39:32,532] INFO Reading configuration from: /app/mongox/kafka_server/config/zookeeper.properties (org.apache.zookeeper.server.quorum.QuorumPeerConfig)
[2021-01-16 14:39:32,535] INFO Defaulting to majority quorums (org.apache.zookeeper.server.quorum.QuorumPeerConfig)
[2021-01-16 14:39:32,546] INFO autopurge.snapRetainCount set to 3 (org.apache.zookeeper.server.DatadirCleanupManager)
[2021-01-16 14:39:32,546] INFO autopurge.purgeInterval set to 0 (org.apache.zookeeper.server.DatadirCleanupManager)
[2021-01-16 14:39:32,547] INFO Purge task is not scheduled. (org.apache.zookeeper.server.DatadirCleanupManager)
[2021-01-16 14:39:32,568] INFO Starting quorum peer (org.apache.zookeeper.server.quorum.QuorumPeerMain)
[2021-01-16 14:39:32,584] INFO binding to port 0.0.0.0/0.0.0.0:32281 (org.apache.zookeeper.server.NIOServerCnxnFactory)
[2021-01-16 14:39:32,605] INFO tickTime set to 2000 (org.apache.zookeeper.server.quorum.QuorumPeer)
[2021-01-16 14:39:32,605] INFO minSessionTimeout set to -1 (org.apache.zookeeper.server.quorum.QuorumPeer)
[2021-01-16 14:39:32,605] INFO maxSessionTimeout set to -1 (org.apache.zookeeper.server.quorum.QuorumPeer)
[2021-01-16 14:39:32,605] INFO initLimit set to 10 (org.apache.zookeeper.server.quorum.QuorumPeer)
[2021-01-16 14:39:32,626] INFO Reading snapshot /data1/mongox/docker_mnt/file_dir/kafka/zookeeper/version-2/snapshot.1c00000040 (org.apache.zookeeper.server.persistence.FileSnap)
[2021-01-16 14:39:33,016] INFO My election bind port: /10.251.26.120:35689 (org.apache.zookeeper.server.quorum.QuorumCnxManager)
[2021-01-16 14:39:33,025] INFO Received connection request /10.251.26.118:38328 (org.apache.zookeeper.server.quorum.QuorumCnxManager)
[2021-01-16 14:39:33,031] INFO LOOKING (org.apache.zookeeper.server.quorum.QuorumPeer)
[2021-01-16 14:39:33,032] INFO New election. My id =  5, proposed zxid=0x1d00009c10 (org.apache.zookeeper.server.quorum.FastLeaderElection)
[2021-01-16 14:39:33,033] INFO Received connection request /10.251.26.119:59122 (org.apache.zookeeper.server.quorum.QuorumCnxManager)
[2021-01-16 14:39:33,035] INFO Notification: 1 (message format version), 4 (n.leader), 0x1d00009c10 (n.zxid), 0x1 (n.round), LOOKING (n.state), 4 (n.sid), 0x1d (n.peerEpoch) LOOKING (my state) (org.apache.zookeeper.server.quorum.FastLeaderElection)
[2021-01-16 14:39:33,036] INFO Notification: 1 (message format version), 4 (n.leader), 0x1d00009c10 (n.zxid), 0x1 (n.round), LOOKING (n.state), 3 (n.sid), 0x1d (n.peerEpoch) LOOKING (my state) (org.apache.zookeeper.server.quorum.FastLeaderElection)
[2021-01-16 14:39:33,036] INFO Notification: 1 (message format version), 4 (n.leader), 0x1d00009c10 (n.zxid), 0x1 (n.round), LOOKING (n.state), 0 (n.sid), 0x1d (n.peerEpoch) LOOKING (my state) (org.apache.zookeeper.server.quorum.FastLeaderElection)
[2021-01-16 14:39:33,036] INFO Notification: 1 (message format version), 5 (n.leader), 0x1d00009c10 (n.zxid), 0x1 (n.round), LOOKING (n.state), 0 (n.sid), 0x1d (n.peerEpoch) LOOKING (my state) (org.apache.zookeeper.server.quorum.FastLeaderElection)
[2021-01-16 14:39:33,036] INFO Notification: 1 (message format version), 4 (n.leader), 0x1d00009c10 (n.zxid), 0x1 (n.round), LOOKING (n.state), 1 (n.sid), 0x1d (n.peerEpoch) LOOKING (my state) (org.apache.zookeeper.server.quorum.FastLeaderElection)
[2021-01-16 14:39:33,037] INFO Notification: 1 (message format version), 5 (n.leader), 0x1d00009c10 (n.zxid), 0x1 (n.round), LOOKING (n.state), 1 (n.sid), 0x1d (n.peerEpoch) LOOKING (my state) (org.apache.zookeeper.server.quorum.FastLeaderElection)
[2021-01-16 14:39:33,037] INFO Notification: 1 (message format version), 5 (n.leader), 0x1d00009c10 (n.zxid), 0x1 (n.round), LOOKING (n.state), 5 (n.sid), 0x1d (n.peerEpoch) LOOKING (my state) (org.apache.zookeeper.server.quorum.FastLeaderElection)
[2021-01-16 14:39:33,037] INFO Notification: 1 (message format version), 4 (n.leader), 0x1d00009c10 (n.zxid), 0x1 (n.round), LOOKING (n.state), 2 (n.sid), 0x1d (n.peerEpoch) LOOKING (my state) (org.apache.zookeeper.server.quorum.FastLeaderElection)
[2021-01-16 14:39:33,037] INFO Notification: 1 (message format version), 5 (n.leader), 0x1d00009c10 (n.zxid), 0x1 (n.round), LOOKING (n.state), 4 (n.sid), 0x1d (n.peerEpoch) LOOKING (my state) (org.apache.zookeeper.server.quorum.FastLeaderElection)
[2021-01-16 14:39:33,038] INFO Notification: 1 (message format version), 5 (n.leader), 0x1d00009c10 (n.zxid), 0x1 (n.round), LOOKING (n.state), 2 (n.sid), 0x1d (n.peerEpoch) LOOKING (my state) (org.apache.zookeeper.server.quorum.FastLeaderElection)
[2021-01-16 14:39:33,038] WARN Cannot open channel to 6 at election address /10.251.26.121:35689 (org.apache.zookeeper.server.quorum.QuorumCnxManager)
java.net.ConnectException: Connection refused (Connection refused)
	at java.net.PlainSocketImpl.socketConnect(Native Method)
	at java.net.AbstractPlainSocketImpl.doConnect(AbstractPlainSocketImpl.java:350)
	at java.net.AbstractPlainSocketImpl.connectToAddress(AbstractPlainSocketImpl.java:206)
	at java.net.AbstractPlainSocketImpl.connect(AbstractPlainSocketImpl.java:188)
	at java.net.SocksSocketImpl.connect(SocksSocketImpl.java:392)
	at java.net.Socket.connect(Socket.java:589)
	at org.apache.zookeeper.server.quorum.QuorumCnxManager.connectOne(QuorumCnxManager.java:368)
	at org.apache.zookeeper.server.quorum.QuorumCnxManager.toSend(QuorumCnxManager.java:341)
	at org.apache.zookeeper.server.quorum.FastLeaderElection$Messenger$WorkerSender.process(FastLeaderElection.java:449)
	at org.apache.zookeeper.server.quorum.FastLeaderElection$Messenger$WorkerSender.run(FastLeaderElection.java:430)
	at java.lang.Thread.run(Thread.java:748)
[2021-01-16 14:39:33,042] WARN Cannot open channel to 7 at election address /10.251.26.122:35689 (org.apache.zookeeper.server.quorum.QuorumCnxManager)
java.net.ConnectException: Connection refused (Connection refused)
	at java.net.PlainSocketImpl.socketConnect(Native Method)
	at java.net.AbstractPlainSocketImpl.doConnect(AbstractPlainSocketImpl.java:350)
	at java.net.AbstractPlainSocketImpl.connectToAddress(AbstractPlainSocketImpl.java:206)
	at java.net.AbstractPlainSocketImpl.connect(AbstractPlainSocketImpl.java:188)
	at java.net.SocksSocketImpl.connect(SocksSocketImpl.java:392)
	at java.net.Socket.connect(Socket.java:589)
	at org.apache.zookeeper.server.quorum.QuorumCnxManager.connectOne(QuorumCnxManager.java:368)
	at org.apache.zookeeper.server.quorum.QuorumCnxManager.toSend(QuorumCnxManager.java:341)
	at org.apache.zookeeper.server.quorum.FastLeaderElection$Messenger$WorkerSender.process(FastLeaderElection.java:449)
	at org.apache.zookeeper.server.quorum.FastLeaderElection$Messenger$WorkerSender.run(FastLeaderElection.java:430)
	at java.lang.Thread.run(Thread.java:748)
[2021-01-16 14:39:33,043] WARN Cannot open channel to 8 at election address /10.251.26.123:35689 (org.apache.zookeeper.server.quorum.QuorumCnxManager)
java.net.ConnectException: Connection refused (Connection refused)
	at java.net.PlainSocketImpl.socketConnect(Native Method)
	at java.net.AbstractPlainSocketImpl.doConnect(AbstractPlainSocketImpl.java:350)
	at java.net.AbstractPlainSocketImpl.connectToAddress(AbstractPlainSocketImpl.java:206)
	at java.net.AbstractPlainSocketImpl.connect(AbstractPlainSocketImpl.java:188)
	at java.net.SocksSocketImpl.connect(SocksSocketImpl.java:392)
	at java.net.Socket.connect(Socket.java:589)
	at org.apache.zookeeper.server.quorum.QuorumCnxManager.connectOne(QuorumCnxManager.java:368)
	at org.apache.zookeeper.server.quorum.QuorumCnxManager.toSend(QuorumCnxManager.java:341)
	at org.apache.zookeeper.server.quorum.FastLeaderElection$Messenger$WorkerSender.process(FastLeaderElection.java:449)
	at org.apache.zookeeper.server.quorum.FastLeaderElection$Messenger$WorkerSender.run(FastLeaderElection.java:430)
	at java.lang.Thread.run(Thread.java:748)
[2021-01-16 14:39:33,044] WARN Cannot open channel to 9 at election address /10.251.26.124:35689 (org.apache.zookeeper.server.quorum.QuorumCnxManager)
java.net.ConnectException: Connection refused (Connection refused)
	at java.net.PlainSocketImpl.socketConnect(Native Method)
	at java.net.AbstractPlainSocketImpl.doConnect(AbstractPlainSocketImpl.java:350)
	at java.net.AbstractPlainSocketImpl.connectToAddress(AbstractPlainSocketImpl.java:206)
	at java.net.AbstractPlainSocketImpl.connect(AbstractPlainSocketImpl.java:188)
	at java.net.SocksSocketImpl.connect(SocksSocketImpl.java:392)
	at java.net.Socket.connect(Socket.java:589)
	at org.apache.zookeeper.server.quorum.QuorumCnxManager.connectOne(QuorumCnxManager.java:368)
	at org.apache.zookeeper.server.quorum.QuorumCnxManager.toSend(QuorumCnxManager.java:341)
	at org.apache.zookeeper.server.quorum.FastLeaderElection$Messenger$WorkerSender.process(FastLeaderElection.java:449)
	at org.apache.zookeeper.server.quorum.FastLeaderElection$Messenger$WorkerSender.run(FastLeaderElection.java:430)
	at java.lang.Thread.run(Thread.java:748)
[2021-01-16 14:39:33,045] WARN Cannot open channel to 10 at election address /10.251.26.125:35689 (org.apache.zookeeper.server.quorum.QuorumCnxManager)
java.net.ConnectException: Connection refused (Connection refused)
	at java.net.PlainSocketImpl.socketConnect(Native Method)
	at java.net.AbstractPlainSocketImpl.doConnect(AbstractPlainSocketImpl.java:350)
	at java.net.AbstractPlainSocketImpl.connectToAddress(AbstractPlainSocketImpl.java:206)
	at java.net.AbstractPlainSocketImpl.connect(AbstractPlainSocketImpl.java:188)
	at java.net.SocksSocketImpl.connect(SocksSocketImpl.java:392)
	at java.net.Socket.connect(Socket.java:589)
	at org.apache.zookeeper.server.quorum.QuorumCnxManager.connectOne(QuorumCnxManager.java:368)
	at org.apache.zookeeper.server.quorum.QuorumCnxManager.toSend(QuorumCnxManager.java:341)
	at org.apache.zookeeper.server.quorum.FastLeaderElection$Messenger$WorkerSender.process(FastLeaderElection.java:449)
	at org.apache.zookeeper.server.quorum.FastLeaderElection$Messenger$WorkerSender.run(FastLeaderElection.java:430)
	at java.lang.Thread.run(Thread.java:748)
[2021-01-16 14:39:33,050] INFO Notification: 1 (message format version), 5 (n.leader), 0x1d00009c10 (n.zxid), 0x1 (n.round), LOOKING (n.state), 3 (n.sid), 0x1d (n.peerEpoch) LOOKING (my state) (org.apache.zookeeper.server.quorum.FastLeaderElection)
[2021-01-16 14:39:33,250] INFO LEADING (org.apache.zookeeper.server.quorum.QuorumPeer)
[2021-01-16 14:39:33,254] INFO TCP NoDelay set to: true (org.apache.zookeeper.server.quorum.Leader)
[2021-01-16 14:39:33,263] INFO Server environment:zookeeper.version=3.4.6-1569965, built on 02/20/2014 09:09 GMT (org.apache.zookeeper.server.ZooKeeperServer)
[2021-01-16 14:39:33,263] INFO Server environment:host.name=localhost (org.apache.zookeeper.server.ZooKeeperServer)
[2021-01-16 14:39:33,263] INFO Server environment:java.version=1.8.0_171 (org.apache.zookeeper.server.ZooKeeperServer)
[2021-01-16 14:39:33,263] INFO Server environment:java.vendor=Oracle Corporation (org.apache.zookeeper.server.ZooKeeperServer)
[2021-01-16 14:39:33,263] INFO Server environment:java.home=/app/mongox/jdk1.8.0_171/jre (org.apache.zookeeper.server.ZooKeeperServer)
[2021-01-16 14:39:33,263] INFO Server environment:java.class.path=.:/app/mongox/jdk1.8.0_171/lib/dt.jar:/app/mongox/jdk1.8.0_171/lib/tools.jar:/app/mongox/kafka_server/bin/../libs/aopalliance-repackaged-2.4.0-b34.jar:/app/mongox/kafka_server/bin/../libs/argparse4j-0.5.0.jar:/app/mongox/kafka_server/bin/../libs/connect-api-0.10.0.0.jar:/app/mongox/kafka_server/bin/../libs/connect-file-0.10.0.0.jar:/app/mongox/kafka_server/bin/../libs/connect-json-0.10.0.0.jar:/app/mongox/kafka_server/bin/../libs/connect-runtime-0.10.0.0.jar:/app/mongox/kafka_server/bin/../libs/guava-18.0.jar:/app/mongox/kafka_server/bin/../libs/hk2-api-2.4.0-b34.jar:/app/mongox/kafka_server/bin/../libs/hk2-locator-2.4.0-b34.jar:/app/mongox/kafka_server/bin/../libs/hk2-utils-2.4.0-b34.jar:/app/mongox/kafka_server/bin/../libs/jackson-annotations-2.6.0.jar:/app/mongox/kafka_server/bin/../libs/jackson-core-2.6.3.jar:/app/mongox/kafka_server/bin/../libs/jackson-databind-2.6.3.jar:/app/mongox/kafka_server/bin/../libs/jackson-jaxrs-base-2.6.3.jar:/app/mongox/kafka_server/bin/../libs/jackson-jaxrs-json-provider-2.6.3.jar:/app/mongox/kafka_server/bin/../libs/jackson-module-jaxb-annotations-2.6.3.jar:/app/mongox/kafka_server/bin/../libs/javassist-3.18.2-GA.jar:/app/mongox/kafka_server/bin/../libs/javax.annotation-api-1.2.jar:/app/mongox/kafka_server/bin/../libs/javax.inject-1.jar:/app/mongox/kafka_server/bin/../libs/javax.inject-2.4.0-b34.jar:/app/mongox/kafka_server/bin/../libs/javax.servlet-api-3.1.0.jar:/app/mongox/kafka_server/bin/../libs/javax.ws.rs-api-2.0.1.jar:/app/mongox/kafka_server/bin/../libs/jersey-client-2.22.2.jar:/app/mongox/kafka_server/bin/../libs/jersey-common-2.22.2.jar:/app/mongox/kafka_server/bin/../libs/jersey-container-servlet-2.22.2.jar:/app/mongox/kafka_server/bin/../libs/jersey-container-servlet-core-2.22.2.jar:/app/mongox/kafka_server/bin/../libs/jersey-guava-2.22.2.jar:/app/mongox/kafka_server/bin/../libs/jersey-media-jaxb-2.22.2.jar:/app/mongox/kafka_server/bin/../libs/jersey-server-2.22.2.jar:/app/mongox/kafka_server/bin/../libs/jetty-continuation-9.2.15.v20160210.jar:/app/mongox/kafka_server/bin/../libs/jetty-http-9.2.15.v20160210.jar:/app/mongox/kafka_server/bin/../libs/jetty-io-9.2.15.v20160210.jar:/app/mongox/kafka_server/bin/../libs/jetty-security-9.2.15.v20160210.jar:/app/mongox/kafka_server/bin/../libs/jetty-server-9.2.15.v20160210.jar:/app/mongox/kafka_server/bin/../libs/jetty-servlet-9.2.15.v20160210.jar:/app/mongox/kafka_server/bin/../libs/jetty-servlets-9.2.15.v20160210.jar:/app/mongox/kafka_server/bin/../libs/jetty-util-9.2.15.v20160210.jar:/app/mongox/kafka_server/bin/../libs/jopt-simple-4.9.jar:/app/mongox/kafka_server/bin/../libs/kafka_2.11-0.10.0.0.jar:/app/mongox/kafka_server/bin/../libs/kafka_2.11-0.10.0.0-sources.jar:/app/mongox/kafka_server/bin/../libs/kafka_2.11-0.10.0.0-test-sources.jar:/app/mongox/kafka_server/bin/../libs/kafka-clients-0.10.0.0.jar:/app/mongox/kafka_server/bin/../libs/kafka-log4j-appender-0.10.0.0.jar:/app/mongox/kafka_server/bin/../libs/kafka-streams-0.10.0.0.jar:/app/mongox/kafka_server/bin/../libs/kafka-streams-examples-0.10.0.0.jar:/app/mongox/kafka_server/bin/../libs/kafka-tools-0.10.0.0.jar:/app/mongox/kafka_server/bin/../libs/log4j-1.2.17.jar:/app/mongox/kafka_server/bin/../libs/lz4-1.3.0.jar:/app/mongox/kafka_server/bin/../libs/metrics-core-2.2.0.jar:/app/mongox/kafka_server/bin/../libs/osgi-resource-locator-1.0.1.jar:/app/mongox/kafka_server/bin/../libs/reflections-0.9.10.jar:/app/mongox/kafka_server/bin/../libs/rocksdbjni-4.4.1.jar:/app/mongox/kafka_server/bin/../libs/scala-library-2.11.8.jar:/app/mongox/kafka_server/bin/../libs/scala-parser-combinators_2.11-1.0.4.jar:/app/mongox/kafka_server/bin/../libs/slf4j-api-1.7.21.jar:/app/mongox/kafka_server/bin/../libs/slf4j-log4j12-1.7.21.jar:/app/mongox/kafka_server/bin/../libs/snappy-java-1.1.2.4.jar:/app/mongox/kafka_server/bin/../libs/validation-api-1.1.0.Final.jar:/app/mongox/kafka_server/bin/../libs/zkclient-0.8.jar:/app/mongox/kafka_server/bin/../libs/zookeeper-3.4.6.jar (org.apache.zookeeper.server.ZooKeeperServer)
[2021-01-16 14:39:33,263] INFO Server environment:java.library.path=/usr/local/lib:/app/oracle/product/12.1.0/db/lib::/usr/java/packages/lib/amd64:/usr/lib64:/lib64:/lib:/usr/lib (org.apache.zookeeper.server.ZooKeeperServer)
[2021-01-16 14:39:33,263] INFO Server environment:java.io.tmpdir=/tmp (org.apache.zookeeper.server.ZooKeeperServer)
[2021-01-16 14:39:33,263] INFO Server environment:java.compiler=<NA> (org.apache.zookeeper.server.ZooKeeperServer)
[2021-01-16 14:39:33,263] INFO Server environment:os.name=Linux (org.apache.zookeeper.server.ZooKeeperServer)
[2021-01-16 14:39:33,263] INFO Server environment:os.arch=amd64 (org.apache.zookeeper.server.ZooKeeperServer)
[2021-01-16 14:39:33,263] INFO Server environment:os.version=3.10.0-693.el7.x86_64 (org.apache.zookeeper.server.ZooKeeperServer)
[2021-01-16 14:39:33,263] INFO Server environment:user.name=mongox (org.apache.zookeeper.server.ZooKeeperServer)
[2021-01-16 14:39:33,263] INFO Server environment:user.home=/app/mongox (org.apache.zookeeper.server.ZooKeeperServer)
[2021-01-16 14:39:33,263] INFO Server environment:user.dir=/app/mongox (org.apache.zookeeper.server.ZooKeeperServer)
[2021-01-16 14:39:33,265] INFO Created server with tickTime 2000 minSessionTimeout 4000 maxSessionTimeout 40000 datadir /data1/mongox/docker_mnt/file_dir/kafka/zookeeper/version-2 snapdir /data1/mongox/docker_mnt/file_dir/kafka/zookeeper/version-2 (org.apache.zookeeper.server.ZooKeeperServer)
[2021-01-16 14:39:33,266] ERROR Couldn't bind to /10.251.26.120:35678 (org.apache.zookeeper.server.quorum.Leader)
java.net.BindException: Address already in use (Bind failed)
	at java.net.PlainSocketImpl.socketBind(Native Method)
	at java.net.AbstractPlainSocketImpl.bind(AbstractPlainSocketImpl.java:387)
	at java.net.ServerSocket.bind(ServerSocket.java:375)
	at java.net.ServerSocket.bind(ServerSocket.java:329)
	at org.apache.zookeeper.server.quorum.Leader.<init>(Leader.java:193)
	at org.apache.zookeeper.server.quorum.QuorumPeer.makeLeader(QuorumPeer.java:605)
	at org.apache.zookeeper.server.quorum.QuorumPeer.run(QuorumPeer.java:798)
[2021-01-16 14:39:33,266] WARN Unexpected exception (org.apache.zookeeper.server.quorum.QuorumPeer)
java.net.BindException: Address already in use (Bind failed)
	at java.net.PlainSocketImpl.socketBind(Native Method)
	at java.net.AbstractPlainSocketImpl.bind(AbstractPlainSocketImpl.java:387)
	at java.net.ServerSocket.bind(ServerSocket.java:375)
	at java.net.ServerSocket.bind(ServerSocket.java:329)
	at org.apache.zookeeper.server.quorum.Leader.<init>(Leader.java:193)
	at org.apache.zookeeper.server.quorum.QuorumPeer.makeLeader(QuorumPeer.java:605)
	at org.apache.zookeeper.server.quorum.QuorumPeer.run(QuorumPeer.java:798)
[2021-01-16 14:39:33,267] INFO LOOKING (org.apache.zookeeper.server.quorum.QuorumPeer)
[2021-01-16 14:39:33,267] INFO New election. My id =  5, proposed zxid=0x1d00009c10 (org.apache.zookeeper.server.quorum.FastLeaderElection)
[2021-01-16 14:39:33,267] INFO Notification: 1 (message format version), 5 (n.leader), 0x1d00009c10 (n.zxid), 0x2 (n.round), LOOKING (n.state), 5 (n.sid), 0x1d (n.peerEpoch) LOOKING (my state) (org.apache.zookeeper.server.quorum.FastLeaderElection)
[2021-01-16 14:39:33,268] INFO Have smaller server identifier, so dropping the connection: (6, 5) (org.apache.zookeeper.server.quorum.QuorumCnxManager)
[2021-01-16 14:39:33,268] INFO Notification: 1 (message format version), 5 (n.leader), 0x1d00009c10 (n.zxid), 0x1 (n.round), FOLLOWING (n.state), 0 (n.sid), 0x1d (n.peerEpoch) LOOKING (my state) (org.apache.zookeeper.server.quorum.FastLeaderElection)
[2021-01-16 14:39:33,268] INFO Notification: 1 (message format version), 5 (n.leader), 0x1d00009c10 (n.zxid), 0x1 (n.round), FOLLOWING (n.state), 1 (n.sid), 0x1d (n.peerEpoch) LOOKING (my state) (org.apache.zookeeper.server.quorum.FastLeaderElection)
[2021-01-16 14:39:33,268] INFO Notification: 1 (message format version), 5 (n.leader), 0x1d00009c10 (n.zxid), 0x1 (n.round), FOLLOWING (n.state), 3 (n.sid), 0x1d (n.peerEpoch) LOOKING (my state) (org.apache.zookeeper.server.quorum.FastLeaderElection)
[2021-01-16 14:39:33,268] WARN Cannot open channel to 7 at election address /10.251.26.122:35689 (org.apache.zookeeper.server.quorum.QuorumCnxManager)
java.net.ConnectException: Connection refused (Connection refused)
	at java.net.PlainSocketImpl.socketConnect(Native Method)
	at java.net.AbstractPlainSocketImpl.doConnect(AbstractPlainSocketImpl.java:350)
	at java.net.AbstractPlainSocketImpl.connectToAddress(AbstractPlainSocketImpl.java:206)
	at java.net.AbstractPlainSocketImpl.connect(AbstractPlainSocketImpl.java:188)
	at java.net.SocksSocketImpl.connect(SocksSocketImpl.java:392)
	at java.net.Socket.connect(Socket.java:589)
	at org.apache.zookeeper.server.quorum.QuorumCnxManager.connectOne(QuorumCnxManager.java:368)
	at org.apache.zookeeper.server.quorum.QuorumCnxManager.toSend(QuorumCnxManager.java:341)
	at org.apache.zookeeper.server.quorum.FastLeaderElection$Messenger$WorkerSender.process(FastLeaderElection.java:449)
	at org.apache.zookeeper.server.quorum.FastLeaderElection$Messenger$WorkerSender.run(FastLeaderElection.java:430)
	at java.lang.Thread.run(Thread.java:748)
[2021-01-16 14:39:33,268] INFO Notification: 1 (message format version), 5 (n.leader), 0x1d00009c10 (n.zxid), 0x1 (n.round), FOLLOWING (n.state), 2 (n.sid), 0x1d (n.peerEpoch) LOOKING (my state) (org.apache.zookeeper.server.quorum.FastLeaderElection)
[2021-01-16 14:39:33,269] WARN Cannot open channel to 8 at election address /10.251.26.123:35689 (org.apache.zookeeper.server.quorum.QuorumCnxManager)
java.net.ConnectException: Connection refused (Connection refused)
	at java.net.PlainSocketImpl.socketConnect(Native Method)
	at java.net.AbstractPlainSocketImpl.doConnect(AbstractPlainSocketImpl.java:350)
	at java.net.AbstractPlainSocketImpl.connectToAddress(AbstractPlainSocketImpl.java:206)
	at java.net.AbstractPlainSocketImpl.connect(AbstractPlainSocketImpl.java:188)
	at java.net.SocksSocketImpl.connect(SocksSocketImpl.java:392)
	at java.net.Socket.connect(Socket.java:589)
	at org.apache.zookeeper.server.quorum.QuorumCnxManager.connectOne(QuorumCnxManager.java:368)
	at org.apache.zookeeper.server.quorum.QuorumCnxManager.toSend(QuorumCnxManager.java:341)
	at org.apache.zookeeper.server.quorum.FastLeaderElection$Messenger$WorkerSender.process(FastLeaderElection.java:449)
	at org.apache.zookeeper.server.quorum.FastLeaderElection$Messenger$WorkerSender.run(FastLeaderElection.java:430)
	at java.lang.Thread.run(Thread.java:748)
[2021-01-16 14:39:33,270] WARN Cannot open channel to 9 at election address /10.251.26.124:35689 (org.apache.zookeeper.server.quorum.QuorumCnxManager)
java.net.ConnectException: Connection refused (Connection refused)
	at java.net.PlainSocketImpl.socketConnect(Native Method)
	at java.net.AbstractPlainSocketImpl.doConnect(AbstractPlainSocketImpl.java:350)
	at java.net.AbstractPlainSocketImpl.connectToAddress(AbstractPlainSocketImpl.java:206)
	at java.net.AbstractPlainSocketImpl.connect(AbstractPlainSocketImpl.java:188)
	at java.net.SocksSocketImpl.connect(SocksSocketImpl.java:392)
	at java.net.Socket.connect(Socket.java:589)
	at org.apache.zookeeper.server.quorum.QuorumCnxManager.connectOne(QuorumCnxManager.java:368)
	at org.apache.zookeeper.server.quorum.QuorumCnxManager.toSend(QuorumCnxManager.java:341)
	at org.apache.zookeeper.server.quorum.FastLeaderElection$Messenger$WorkerSender.process(FastLeaderElection.java:449)
	at org.apache.zookeeper.server.quorum.FastLeaderElection$Messenger$WorkerSender.run(FastLeaderElection.java:430)
	at java.lang.Thread.run(Thread.java:748)
[2021-01-16 14:39:33,271] WARN Cannot open channel to 10 at election address /10.251.26.125:35689 (org.apache.zookeeper.server.quorum.QuorumCnxManager)
java.net.ConnectException: Connection refused (Connection refused)
	at java.net.PlainSocketImpl.socketConnect(Native Method)
	at java.net.AbstractPlainSocketImpl.doConnect(AbstractPlainSocketImpl.java:350)
	at java.net.AbstractPlainSocketImpl.connectToAddress(AbstractPlainSocketImpl.java:206)
	at java.net.AbstractPlainSocketImpl.connect(AbstractPlainSocketImpl.java:188)
	at java.net.SocksSocketImpl.connect(SocksSocketImpl.java:392)
	at java.net.Socket.connect(Socket.java:589)
	at org.apache.zookeeper.server.quorum.QuorumCnxManager.connectOne(QuorumCnxManager.java:368)
	at org.apache.zookeeper.server.quorum.QuorumCnxManager.toSend(QuorumCnxManager.java:341)
	at org.apache.zookeeper.server.quorum.FastLeaderElection$Messenger$WorkerSender.process(FastLeaderElection.java:449)
	at org.apache.zookeeper.server.quorum.FastLeaderElection$Messenger$WorkerSender.run(FastLeaderElection.java:430)
	at java.lang.Thread.run(Thread.java:748)
[2021-01-16 14:39:33,273] INFO Received connection request /10.251.26.121:52032 (org.apache.zookeeper.server.quorum.QuorumCnxManager)
[2021-01-16 14:39:33,277] INFO Notification: 1 (message format version), 6 (n.leader), 0x1d00009c10 (n.zxid), 0x1 (n.round), LOOKING (n.state), 6 (n.sid), 0x1d (n.peerEpoch) LOOKING (my state) (org.apache.zookeeper.server.quorum.FastLeaderElection)
[2021-01-16 14:39:33,282] INFO Notification: 1 (message format version), 5 (n.leader), 0x1d00009c10 (n.zxid), 0x1 (n.round), FOLLOWING (n.state), 4 (n.sid), 0x1d (n.peerEpoch) LOOKING (my state) (org.apache.zookeeper.server.quorum.FastLeaderElection)
[2021-01-16 14:39:33,285] INFO Notification: 1 (message format version), 6 (n.leader), 0x1d00009c10 (n.zxid), 0x2 (n.round), LOOKING (n.state), 6 (n.sid), 0x1d (n.peerEpoch) LOOKING (my state) (org.apache.zookeeper.server.quorum.FastLeaderElection)
[2021-01-16 14:39:33,286] INFO Notification: 1 (message format version), 6 (n.leader), 0x1d00009c10 (n.zxid), 0x2 (n.round), LOOKING (n.state), 5 (n.sid), 0x1d (n.peerEpoch) LOOKING (my state) (org.apache.zookeeper.server.quorum.FastLeaderElection)
[2021-01-16 14:39:33,286] WARN Cannot open channel to 7 at election address /10.251.26.122:35689 (org.apache.zookeeper.server.quorum.QuorumCnxManager)
java.net.ConnectException: Connection refused (Connection refused)
	at java.net.PlainSocketImpl.socketConnect(Native Method)
	at java.net.AbstractPlainSocketImpl.doConnect(AbstractPlainSocketImpl.java:350)
	at java.net.AbstractPlainSocketImpl.connectToAddress(AbstractPlainSocketImpl.java:206)
	at java.net.AbstractPlainSocketImpl.connect(AbstractPlainSocketImpl.java:188)
	at java.net.SocksSocketImpl.connect(SocksSocketImpl.java:392)
	at java.net.Socket.connect(Socket.java:589)
	at org.apache.zookeeper.server.quorum.QuorumCnxManager.connectOne(QuorumCnxManager.java:368)
	at org.apache.zookeeper.server.quorum.QuorumCnxManager.toSend(QuorumCnxManager.java:341)
	at org.apache.zookeeper.server.quorum.FastLeaderElection$Messenger$WorkerSender.process(FastLeaderElection.java:449)
	at org.apache.zookeeper.server.quorum.FastLeaderElection$Messenger$WorkerSender.run(FastLeaderElection.java:430)
	at java.lang.Thread.run(Thread.java:748)
[2021-01-16 14:39:33,286] INFO Notification: 1 (message format version), 5 (n.leader), 0x1d00009c10 (n.zxid), 0x1 (n.round), FOLLOWING (n.state), 1 (n.sid), 0x1d (n.peerEpoch) LOOKING (my state) (org.apache.zookeeper.server.quorum.FastLeaderElection)
[2021-01-16 14:39:33,287] INFO Notification: 1 (message format version), 5 (n.leader), 0x1d00009c10 (n.zxid), 0x1 (n.round), FOLLOWING (n.state), 0 (n.sid), 0x1d (n.peerEpoch) LOOKING (my state) (org.apache.zookeeper.server.quorum.FastLeaderElection)
[2021-01-16 14:39:33,287] INFO Notification: 1 (message format version), 5 (n.leader), 0x1d00009c10 (n.zxid), 0x1 (n.round), FOLLOWING (n.state), 2 (n.sid), 0x1d (n.peerEpoch) LOOKING (my state) (org.apache.zookeeper.server.quorum.FastLeaderElection)
[2021-01-16 14:39:33,287] INFO Notification: 1 (message format version), 5 (n.leader), 0x1d00009c10 (n.zxid), 0x1 (n.round), FOLLOWING (n.state), 3 (n.sid), 0x1d (n.peerEpoch) LOOKING (my state) (org.apache.zookeeper.server.quorum.FastLeaderElection)
[2021-01-16 14:39:33,287] WARN Cannot open channel to 8 at election address /10.251.26.123:35689 (org.apache.zookeeper.server.quorum.QuorumCnxManager)
java.net.ConnectException: Connection refused (Connection refused)
	at java.net.PlainSocketImpl.socketConnect(Native Method)
	at java.net.AbstractPlainSocketImpl.doConnect(AbstractPlainSocketImpl.java:350)
	at java.net.AbstractPlainSocketImpl.connectToAddress(AbstractPlainSocketImpl.java:206)
	at java.net.AbstractPlainSocketImpl.connect(AbstractPlainSocketImpl.java:188)
	at java.net.SocksSocketImpl.connect(SocksSocketImpl.java:392)
	at java.net.Socket.connect(Socket.java:589)
	at org.apache.zookeeper.server.quorum.QuorumCnxManager.connectOne(QuorumCnxManager.java:368)
	at org.apache.zookeeper.server.quorum.QuorumCnxManager.toSend(QuorumCnxManager.java:341)
	at org.apache.zookeeper.server.quorum.FastLeaderElection$Messenger$WorkerSender.process(FastLeaderElection.java:449)
	at org.apache.zookeeper.server.quorum.FastLeaderElection$Messenger$WorkerSender.run(FastLeaderElection.java:430)
	at java.lang.Thread.run(Thread.java:748)
[2021-01-16 14:39:33,287] INFO Notification: 1 (message format version), 5 (n.leader), 0x1d00009c10 (n.zxid), 0x1 (n.round), FOLLOWING (n.state), 4 (n.sid), 0x1d (n.peerEpoch) LOOKING (my state) (org.apache.zookeeper.server.quorum.FastLeaderElection)
[2021-01-16 14:39:33,288] WARN Cannot open channel to 9 at election address /10.251.26.124:35689 (org.apache.zookeeper.server.quorum.QuorumCnxManager)
java.net.ConnectException: Connection refused (Connection refused)
	at java.net.PlainSocketImpl.socketConnect(Native Method)
	at java.net.AbstractPlainSocketImpl.doConnect(AbstractPlainSocketImpl.java:350)
	at java.net.AbstractPlainSocketImpl.connectToAddress(AbstractPlainSocketImpl.java:206)
	at java.net.AbstractPlainSocketImpl.connect(AbstractPlainSocketImpl.java:188)
	at java.net.SocksSocketImpl.connect(SocksSocketImpl.java:392)
	at java.net.Socket.connect(Socket.java:589)
	at org.apache.zookeeper.server.quorum.QuorumCnxManager.connectOne(QuorumCnxManager.java:368)
	at org.apache.zookeeper.server.quorum.QuorumCnxManager.toSend(QuorumCnxManager.java:341)
	at org.apache.zookeeper.server.quorum.FastLeaderElection$Messenger$WorkerSender.process(FastLeaderElection.java:449)
	at org.apache.zookeeper.server.quorum.FastLeaderElection$Messenger$WorkerSender.run(FastLeaderElection.java:430)
	at java.lang.Thread.run(Thread.java:748)
[2021-01-16 14:39:33,288] WARN Cannot open channel to 10 at election address /10.251.26.125:35689 (org.apache.zookeeper.server.quorum.QuorumCnxManager)
java.net.ConnectException: Connection refused (Connection refused)
	at java.net.PlainSocketImpl.socketConnect(Native Method)
	at java.net.AbstractPlainSocketImpl.doConnect(AbstractPlainSocketImpl.java:350)
	at java.net.AbstractPlainSocketImpl.connectToAddress(AbstractPlainSocketImpl.java:206)
	at java.net.AbstractPlainSocketImpl.connect(AbstractPlainSocketImpl.java:188)
	at java.net.SocksSocketImpl.connect(SocksSocketImpl.java:392)
	at java.net.Socket.connect(Socket.java:589)
	at org.apache.zookeeper.server.quorum.QuorumCnxManager.connectOne(QuorumCnxManager.java:368)
	at org.apache.zookeeper.server.quorum.QuorumCnxManager.toSend(QuorumCnxManager.java:341)
	at org.apache.zookeeper.server.quorum.FastLeaderElection$Messenger$WorkerSender.process(FastLeaderElection.java:449)
	at org.apache.zookeeper.server.quorum.FastLeaderElection$Messenger$WorkerSender.run(FastLeaderElection.java:430)
	at java.lang.Thread.run(Thread.java:748)
[2021-01-16 14:39:33,488] INFO Notification time out: 400 (org.apache.zookeeper.server.quorum.FastLeaderElection)
[2021-01-16 14:39:33,488] INFO Notification: 1 (message format version), 6 (n.leader), 0x1d00009c10 (n.zxid), 0x2 (n.round), LOOKING (n.state), 5 (n.sid), 0x1d (n.peerEpoch) LOOKING (my state) (org.apache.zookeeper.server.quorum.FastLeaderElection)
[2021-01-16 14:39:33,489] WARN Cannot open channel to 7 at election address /10.251.26.122:35689 (org.apache.zookeeper.server.quorum.QuorumCnxManager)
java.net.ConnectException: Connection refused (Connection refused)
	at java.net.PlainSocketImpl.socketConnect(Native Method)
	at java.net.AbstractPlainSocketImpl.doConnect(AbstractPlainSocketImpl.java:350)
	at java.net.AbstractPlainSocketImpl.connectToAddress(AbstractPlainSocketImpl.java:206)
	at java.net.AbstractPlainSocketImpl.connect(AbstractPlainSocketImpl.java:188)
	at java.net.SocksSocketImpl.connect(SocksSocketImpl.java:392)
	at java.net.Socket.connect(Socket.java:589)
	at org.apache.zookeeper.server.quorum.QuorumCnxManager.connectOne(QuorumCnxManager.java:368)
	at org.apache.zookeeper.server.quorum.QuorumCnxManager.toSend(QuorumCnxManager.java:341)
	at org.apache.zookeeper.server.quorum.FastLeaderElection$Messenger$WorkerSender.process(FastLeaderElection.java:449)
	at org.apache.zookeeper.server.quorum.FastLeaderElection$Messenger$WorkerSender.run(FastLeaderElection.java:430)
	at java.lang.Thread.run(Thread.java:748)
[2021-01-16 14:39:33,489] INFO Notification: 1 (message format version), 5 (n.leader), 0x1d00009c10 (n.zxid), 0x1 (n.round), FOLLOWING (n.state), 1 (n.sid), 0x1d (n.peerEpoch) LOOKING (my state) (org.apache.zookeeper.server.quorum.FastLeaderElection)
[2021-01-16 14:39:33,489] INFO Notification: 1 (message format version), 5 (n.leader), 0x1d00009c10 (n.zxid), 0x1 (n.round), FOLLOWING (n.state), 0 (n.sid), 0x1d (n.peerEpoch) LOOKING (my state) (org.apache.zookeeper.server.quorum.FastLeaderElection)
[2021-01-16 14:39:33,489] INFO Notification: 1 (message format version), 5 (n.leader), 0x1d00009c10 (n.zxid), 0x1 (n.round), FOLLOWING (n.state), 2 (n.sid), 0x1d (n.peerEpoch) LOOKING (my state) (org.apache.zookeeper.server.quorum.FastLeaderElection)
[2021-01-16 14:39:33,489] INFO Notification: 1 (message format version), 5 (n.leader), 0x1d00009c10 (n.zxid), 0x1 (n.round), FOLLOWING (n.state), 4 (n.sid), 0x1d (n.peerEpoch) LOOKING (my state) (org.apache.zookeeper.server.quorum.FastLeaderElection)
[2021-01-16 14:39:33,489] WARN Cannot open channel to 8 at election address /10.251.26.123:35689 (org.apache.zookeeper.server.quorum.QuorumCnxManager)
java.net.ConnectException: Connection refused (Connection refused)
	at java.net.PlainSocketImpl.socketConnect(Native Method)
	at java.net.AbstractPlainSocketImpl.doConnect(AbstractPlainSocketImpl.java:350)
	at java.net.AbstractPlainSocketImpl.connectToAddress(AbstractPlainSocketImpl.java:206)
	at java.net.AbstractPlainSocketImpl.connect(AbstractPlainSocketImpl.java:188)
	at java.net.SocksSocketImpl.connect(SocksSocketImpl.java:392)
	at java.net.Socket.connect(Socket.java:589)
	at org.apache.zookeeper.server.quorum.QuorumCnxManager.connectOne(QuorumCnxManager.java:368)
	at org.apache.zookeeper.server.quorum.QuorumCnxManager.toSend(QuorumCnxManager.java:341)
	at org.apache.zookeeper.server.quorum.FastLeaderElection$Messenger$WorkerSender.process(FastLeaderElection.java:449)
	at org.apache.zookeeper.server.quorum.FastLeaderElection$Messenger$WorkerSender.run(FastLeaderElection.java:430)
	at java.lang.Thread.run(Thread.java:748)
[2021-01-16 14:39:33,490] INFO Notification: 1 (message format version), 5 (n.leader), 0x1d00009c10 (n.zxid), 0x1 (n.round), FOLLOWING (n.state), 3 (n.sid), 0x1d (n.peerEpoch) LOOKING (my state) (org.apache.zookeeper.server.quorum.FastLeaderElection)
[2021-01-16 14:39:33,490] WARN Cannot open channel to 9 at election address /10.251.26.124:35689 (org.apache.zookeeper.server.quorum.QuorumCnxManager)
java.net.ConnectException: Connection refused (Connection refused)
	at java.net.PlainSocketImpl.socketConnect(Native Method)
	at java.net.AbstractPlainSocketImpl.doConnect(AbstractPlainSocketImpl.java:350)
	at java.net.AbstractPlainSocketImpl.connectToAddress(AbstractPlainSocketImpl.java:206)
	at java.net.AbstractPlainSocketImpl.connect(AbstractPlainSocketImpl.java:188)
	at java.net.SocksSocketImpl.connect(SocksSocketImpl.java:392)
	at java.net.Socket.connect(Socket.java:589)
	at org.apache.zookeeper.server.quorum.QuorumCnxManager.connectOne(QuorumCnxManager.java:368)
	at org.apache.zookeeper.server.quorum.QuorumCnxManager.toSend(QuorumCnxManager.java:341)
	at org.apache.zookeeper.server.quorum.FastLeaderElection$Messenger$WorkerSender.process(FastLeaderElection.java:449)
	at org.apache.zookeeper.server.quorum.FastLeaderElection$Messenger$WorkerSender.run(FastLeaderElection.java:430)
	at java.lang.Thread.run(Thread.java:748)
[2021-01-16 14:39:33,491] WARN Cannot open channel to 10 at election address /10.251.26.125:35689 (org.apache.zookeeper.server.quorum.QuorumCnxManager)
java.net.ConnectException: Connection refused (Connection refused)
	at java.net.PlainSocketImpl.socketConnect(Native Method)
	at java.net.AbstractPlainSocketImpl.doConnect(AbstractPlainSocketImpl.java:350)
	at java.net.AbstractPlainSocketImpl.connectToAddress(AbstractPlainSocketImpl.java:206)
	at java.net.AbstractPlainSocketImpl.connect(AbstractPlainSocketImpl.java:188)
	at java.net.SocksSocketImpl.connect(SocksSocketImpl.java:392)
	at java.net.Socket.connect(Socket.java:589)
	at org.apache.zookeeper.server.quorum.QuorumCnxManager.connectOne(QuorumCnxManager.java:368)
	at org.apache.zookeeper.server.quorum.QuorumCnxManager.toSend(QuorumCnxManager.java:341)
	at org.apache.zookeeper.server.quorum.FastLeaderElection$Messenger$WorkerSender.process(FastLeaderElection.java:449)
	at org.apache.zookeeper.server.quorum.FastLeaderElection$Messenger$WorkerSender.run(FastLeaderElection.java:430)
	at java.lang.Thread.run(Thread.java:748)
[2021-01-16 14:39:33,608] INFO Received connection request /10.251.26.122:51398 (org.apache.zookeeper.server.quorum.QuorumCnxManager)
[2021-01-16 14:39:33,609] INFO Notification: 1 (message format version), 7 (n.leader), 0x1d00009c10 (n.zxid), 0x1 (n.round), LOOKING (n.state), 7 (n.sid), 0x1d (n.peerEpoch) LOOKING (my state) (org.apache.zookeeper.server.quorum.FastLeaderElection)
[2021-01-16 14:39:33,617] INFO Notification: 1 (message format version), 7 (n.leader), 0x1d00009c10 (n.zxid), 0x2 (n.round), LOOKING (n.state), 7 (n.sid), 0x1d (n.peerEpoch) LOOKING (my state) (org.apache.zookeeper.server.quorum.FastLeaderElection)
[2021-01-16 14:39:33,617] INFO Notification: 1 (message format version), 7 (n.leader), 0x1d00009c10 (n.zxid), 0x2 (n.round), LOOKING (n.state), 5 (n.sid), 0x1d (n.peerEpoch) LOOKING (my state) (org.apache.zookeeper.server.quorum.FastLeaderElection)
[2021-01-16 14:39:33,618] INFO Notification: 1 (message format version), 5 (n.leader), 0x1d00009c10 (n.zxid), 0x1 (n.round), FOLLOWING (n.state), 0 (n.sid), 0x1d (n.peerEpoch) LOOKING (my state) (org.apache.zookeeper.server.quorum.FastLeaderElection)
[2021-01-16 14:39:33,618] WARN Cannot open channel to 8 at election address /10.251.26.123:35689 (org.apache.zookeeper.server.quorum.QuorumCnxManager)
java.net.ConnectException: Connection refused (Connection refused)
	at java.net.PlainSocketImpl.socketConnect(Native Method)
	at java.net.AbstractPlainSocketImpl.doConnect(AbstractPlainSocketImpl.java:350)
	at java.net.AbstractPlainSocketImpl.connectToAddress(AbstractPlainSocketImpl.java:206)
	at java.net.AbstractPlainSocketImpl.connect(AbstractPlainSocketImpl.java:188)
	at java.net.SocksSocketImpl.connect(SocksSocketImpl.java:392)
	at java.net.Socket.connect(Socket.java:589)
	at org.apache.zookeeper.server.quorum.QuorumCnxManager.connectOne(QuorumCnxManager.java:368)
	at org.apache.zookeeper.server.quorum.QuorumCnxManager.toSend(QuorumCnxManager.java:341)
	at org.apache.zookeeper.server.quorum.FastLeaderElection$Messenger$WorkerSender.process(FastLeaderElection.java:449)
	at org.apache.zookeeper.server.quorum.FastLeaderElection$Messenger$WorkerSender.run(FastLeaderElection.java:430)
	at java.lang.Thread.run(Thread.java:748)
[2021-01-16 14:39:33,618] INFO Notification: 1 (message format version), 7 (n.leader), 0x1d00009c10 (n.zxid), 0x2 (n.round), LOOKING (n.state), 6 (n.sid), 0x1d (n.peerEpoch) LOOKING (my state) (org.apache.zookeeper.server.quorum.FastLeaderElection)
[2021-01-16 14:39:33,618] WARN Cannot open channel to 9 at election address /10.251.26.124:35689 (org.apache.zookeeper.server.quorum.QuorumCnxManager)
java.net.ConnectException: Connection refused (Connection refused)
	at java.net.PlainSocketImpl.socketConnect(Native Method)
	at java.net.AbstractPlainSocketImpl.doConnect(AbstractPlainSocketImpl.java:350)
	at java.net.AbstractPlainSocketImpl.connectToAddress(AbstractPlainSocketImpl.java:206)
	at java.net.AbstractPlainSocketImpl.connect(AbstractPlainSocketImpl.java:188)
	at java.net.SocksSocketImpl.connect(SocksSocketImpl.java:392)
	at java.net.Socket.connect(Socket.java:589)
	at org.apache.zookeeper.server.quorum.QuorumCnxManager.connectOne(QuorumCnxManager.java:368)
	at org.apache.zookeeper.server.quorum.QuorumCnxManager.toSend(QuorumCnxManager.java:341)
	at org.apache.zookeeper.server.quorum.FastLeaderElection$Messenger$WorkerSender.process(FastLeaderElection.java:449)
	at org.apache.zookeeper.server.quorum.FastLeaderElection$Messenger$WorkerSender.run(FastLeaderElection.java:430)
	at java.lang.Thread.run(Thread.java:748)
[2021-01-16 14:39:33,619] INFO Notification: 1 (message format version), 5 (n.leader), 0x1d00009c10 (n.zxid), 0x1 (n.round), FOLLOWING (n.state), 2 (n.sid), 0x1d (n.peerEpoch) LOOKING (my state) (org.apache.zookeeper.server.quorum.FastLeaderElection)
[2021-01-16 14:39:33,619] INFO Notification: 1 (message format version), 5 (n.leader), 0x1d00009c10 (n.zxid), 0x1 (n.round), FOLLOWING (n.state), 1 (n.sid), 0x1d (n.peerEpoch) LOOKING (my state) (org.apache.zookeeper.server.quorum.FastLeaderElection)
[2021-01-16 14:39:33,619] INFO Notification: 1 (message format version), 5 (n.leader), 0x1d00009c10 (n.zxid), 0x1 (n.round), FOLLOWING (n.state), 4 (n.sid), 0x1d (n.peerEpoch) LOOKING (my state) (org.apache.zookeeper.server.quorum.FastLeaderElection)
[2021-01-16 14:39:33,619] WARN Cannot open channel to 10 at election address /10.251.26.125:35689 (org.apache.zookeeper.server.quorum.QuorumCnxManager)
java.net.ConnectException: Connection refused (Connection refused)
	at java.net.PlainSocketImpl.socketConnect(Native Method)
	at java.net.AbstractPlainSocketImpl.doConnect(AbstractPlainSocketImpl.java:350)
	at java.net.AbstractPlainSocketImpl.connectToAddress(AbstractPlainSocketImpl.java:206)
	at java.net.AbstractPlainSocketImpl.connect(AbstractPlainSocketImpl.java:188)
	at java.net.SocksSocketImpl.connect(SocksSocketImpl.java:392)
	at java.net.Socket.connect(Socket.java:589)
	at org.apache.zookeeper.server.quorum.QuorumCnxManager.connectOne(QuorumCnxManager.java:368)
	at org.apache.zookeeper.server.quorum.QuorumCnxManager.toSend(QuorumCnxManager.java:341)
	at org.apache.zookeeper.server.quorum.FastLeaderElection$Messenger$WorkerSender.process(FastLeaderElection.java:449)
	at org.apache.zookeeper.server.quorum.FastLeaderElection$Messenger$WorkerSender.run(FastLeaderElection.java:430)
	at java.lang.Thread.run(Thread.java:748)
[2021-01-16 14:39:33,619] INFO Notification: 1 (message format version), 5 (n.leader), 0x1d00009c10 (n.zxid), 0x1 (n.round), FOLLOWING (n.state), 3 (n.sid), 0x1d (n.peerEpoch) LOOKING (my state) (org.apache.zookeeper.server.quorum.FastLeaderElection)
[2021-01-16 14:39:33,821] INFO Notification: 1 (message format version), 7 (n.leader), 0x1d00009c10 (n.zxid), 0x2 (n.round), LOOKING (n.state), 7 (n.sid), 0x1d (n.peerEpoch) LOOKING (my state) (org.apache.zookeeper.server.quorum.FastLeaderElection)
[2021-01-16 14:39:33,821] INFO Notification: 1 (message format version), 7 (n.leader), 0x1d00009c10 (n.zxid), 0x2 (n.round), LOOKING (n.state), 6 (n.sid), 0x1d (n.peerEpoch) LOOKING (my state) (org.apache.zookeeper.server.quorum.FastLeaderElection)
[2021-01-16 14:39:34,070] INFO Received connection request /10.251.26.123:58261 (org.apache.zookeeper.server.quorum.QuorumCnxManager)
[2021-01-16 14:39:34,071] INFO Notification: 1 (message format version), 8 (n.leader), 0x1d00009c10 (n.zxid), 0x1 (n.round), LOOKING (n.state), 8 (n.sid), 0x1d (n.peerEpoch) LOOKING (my state) (org.apache.zookeeper.server.quorum.FastLeaderElection)
[2021-01-16 14:39:34,079] INFO Notification: 1 (message format version), 8 (n.leader), 0x1d00009c10 (n.zxid), 0x2 (n.round), LOOKING (n.state), 8 (n.sid), 0x1d (n.peerEpoch) LOOKING (my state) (org.apache.zookeeper.server.quorum.FastLeaderElection)
[2021-01-16 14:39:34,079] INFO Notification: 1 (message format version), 8 (n.leader), 0x1d00009c10 (n.zxid), 0x2 (n.round), LOOKING (n.state), 5 (n.sid), 0x1d (n.peerEpoch) LOOKING (my state) (org.apache.zookeeper.server.quorum.FastLeaderElection)
[2021-01-16 14:39:34,079] INFO Notification: 1 (message format version), 8 (n.leader), 0x1d00009c10 (n.zxid), 0x2 (n.round), LOOKING (n.state), 6 (n.sid), 0x1d (n.peerEpoch) LOOKING (my state) (org.apache.zookeeper.server.quorum.FastLeaderElection)
[2021-01-16 14:39:34,080] INFO Notification: 1 (message format version), 8 (n.leader), 0x1d00009c10 (n.zxid), 0x2 (n.round), LOOKING (n.state), 7 (n.sid), 0x1d (n.peerEpoch) LOOKING (my state) (org.apache.zookeeper.server.quorum.FastLeaderElection)
[2021-01-16 14:39:34,080] INFO Notification: 1 (message format version), 5 (n.leader), 0x1d00009c10 (n.zxid), 0x1 (n.round), FOLLOWING (n.state), 0 (n.sid), 0x1d (n.peerEpoch) LOOKING (my state) (org.apache.zookeeper.server.quorum.FastLeaderElection)
[2021-01-16 14:39:34,080] WARN Cannot open channel to 9 at election address /10.251.26.124:35689 (org.apache.zookeeper.server.quorum.QuorumCnxManager)
java.net.ConnectException: Connection refused (Connection refused)
	at java.net.PlainSocketImpl.socketConnect(Native Method)
	at java.net.AbstractPlainSocketImpl.doConnect(AbstractPlainSocketImpl.java:350)
	at java.net.AbstractPlainSocketImpl.connectToAddress(AbstractPlainSocketImpl.java:206)
	at java.net.AbstractPlainSocketImpl.connect(AbstractPlainSocketImpl.java:188)
	at java.net.SocksSocketImpl.connect(SocksSocketImpl.java:392)
	at java.net.Socket.connect(Socket.java:589)
	at org.apache.zookeeper.server.quorum.QuorumCnxManager.connectOne(QuorumCnxManager.java:368)
	at org.apache.zookeeper.server.quorum.QuorumCnxManager.toSend(QuorumCnxManager.java:341)
	at org.apache.zookeeper.server.quorum.FastLeaderElection$Messenger$WorkerSender.process(FastLeaderElection.java:449)
	at org.apache.zookeeper.server.quorum.FastLeaderElection$Messenger$WorkerSender.run(FastLeaderElection.java:430)
	at java.lang.Thread.run(Thread.java:748)
[2021-01-16 14:39:34,080] INFO Notification: 1 (message format version), 5 (n.leader), 0x1d00009c10 (n.zxid), 0x1 (n.round), FOLLOWING (n.state), 1 (n.sid), 0x1d (n.peerEpoch) LOOKING (my state) (org.apache.zookeeper.server.quorum.FastLeaderElection)
[2021-01-16 14:39:34,080] INFO Notification: 1 (message format version), 5 (n.leader), 0x1d00009c10 (n.zxid), 0x1 (n.round), FOLLOWING (n.state), 3 (n.sid), 0x1d (n.peerEpoch) LOOKING (my state) (org.apache.zookeeper.server.quorum.FastLeaderElection)
[2021-01-16 14:39:34,081] INFO Notification: 1 (message format version), 5 (n.leader), 0x1d00009c10 (n.zxid), 0x1 (n.round), FOLLOWING (n.state), 2 (n.sid), 0x1d (n.peerEpoch) LOOKING (my state) (org.apache.zookeeper.server.quorum.FastLeaderElection)
[2021-01-16 14:39:34,081] INFO Notification: 1 (message format version), 5 (n.leader), 0x1d00009c10 (n.zxid), 0x1 (n.round), FOLLOWING (n.state), 4 (n.sid), 0x1d (n.peerEpoch) LOOKING (my state) (org.apache.zookeeper.server.quorum.FastLeaderElection)
[2021-01-16 14:39:34,081] WARN Cannot open channel to 10 at election address /10.251.26.125:35689 (org.apache.zookeeper.server.quorum.QuorumCnxManager)
java.net.ConnectException: Connection refused (Connection refused)
	at java.net.PlainSocketImpl.socketConnect(Native Method)
	at java.net.AbstractPlainSocketImpl.doConnect(AbstractPlainSocketImpl.java:350)
	at java.net.AbstractPlainSocketImpl.connectToAddress(AbstractPlainSocketImpl.java:206)
	at java.net.AbstractPlainSocketImpl.connect(AbstractPlainSocketImpl.java:188)
	at java.net.SocksSocketImpl.connect(SocksSocketImpl.java:392)
	at java.net.Socket.connect(Socket.java:589)
	at org.apache.zookeeper.server.quorum.QuorumCnxManager.connectOne(QuorumCnxManager.java:368)
	at org.apache.zookeeper.server.quorum.QuorumCnxManager.toSend(QuorumCnxManager.java:341)
	at org.apache.zookeeper.server.quorum.FastLeaderElection$Messenger$WorkerSender.process(FastLeaderElection.java:449)
	at org.apache.zookeeper.server.quorum.FastLeaderElection$Messenger$WorkerSender.run(FastLeaderElection.java:430)
	at java.lang.Thread.run(Thread.java:748)
[2021-01-16 14:39:34,282] INFO Notification: 1 (message format version), 8 (n.leader), 0x1d00009c10 (n.zxid), 0x2 (n.round), LOOKING (n.state), 8 (n.sid), 0x1d (n.peerEpoch) LOOKING (my state) (org.apache.zookeeper.server.quorum.FastLeaderElection)
[2021-01-16 14:39:34,411] INFO Received connection request /10.251.26.124:60528 (org.apache.zookeeper.server.quorum.QuorumCnxManager)
[2021-01-16 14:39:34,412] INFO Notification: 1 (message format version), 9 (n.leader), 0x1d00009c10 (n.zxid), 0x1 (n.round), LOOKING (n.state), 9 (n.sid), 0x1d (n.peerEpoch) LOOKING (my state) (org.apache.zookeeper.server.quorum.FastLeaderElection)
[2021-01-16 14:39:34,420] INFO Notification: 1 (message format version), 9 (n.leader), 0x1d00009c10 (n.zxid), 0x2 (n.round), LOOKING (n.state), 9 (n.sid), 0x1d (n.peerEpoch) LOOKING (my state) (org.apache.zookeeper.server.quorum.FastLeaderElection)
[2021-01-16 14:39:34,420] INFO Notification: 1 (message format version), 9 (n.leader), 0x1d00009c10 (n.zxid), 0x2 (n.round), LOOKING (n.state), 5 (n.sid), 0x1d (n.peerEpoch) LOOKING (my state) (org.apache.zookeeper.server.quorum.FastLeaderElection)
[2021-01-16 14:39:34,421] INFO Notification: 1 (message format version), 9 (n.leader), 0x1d00009c10 (n.zxid), 0x2 (n.round), LOOKING (n.state), 6 (n.sid), 0x1d (n.peerEpoch) LOOKING (my state) (org.apache.zookeeper.server.quorum.FastLeaderElection)
[2021-01-16 14:39:34,421] INFO Notification: 1 (message format version), 9 (n.leader), 0x1d00009c10 (n.zxid), 0x2 (n.round), LOOKING (n.state), 8 (n.sid), 0x1d (n.peerEpoch) LOOKING (my state) (org.apache.zookeeper.server.quorum.FastLeaderElection)
[2021-01-16 14:39:34,421] INFO Notification: 1 (message format version), 5 (n.leader), 0x1d00009c10 (n.zxid), 0x1 (n.round), FOLLOWING (n.state), 1 (n.sid), 0x1d (n.peerEpoch) LOOKING (my state) (org.apache.zookeeper.server.quorum.FastLeaderElection)
[2021-01-16 14:39:34,421] WARN Cannot open channel to 10 at election address /10.251.26.125:35689 (org.apache.zookeeper.server.quorum.QuorumCnxManager)
java.net.ConnectException: Connection refused (Connection refused)
	at java.net.PlainSocketImpl.socketConnect(Native Method)
	at java.net.AbstractPlainSocketImpl.doConnect(AbstractPlainSocketImpl.java:350)
	at java.net.AbstractPlainSocketImpl.connectToAddress(AbstractPlainSocketImpl.java:206)
	at java.net.AbstractPlainSocketImpl.connect(AbstractPlainSocketImpl.java:188)
	at java.net.SocksSocketImpl.connect(SocksSocketImpl.java:392)
	at java.net.Socket.connect(Socket.java:589)
	at org.apache.zookeeper.server.quorum.QuorumCnxManager.connectOne(QuorumCnxManager.java:368)
	at org.apache.zookeeper.server.quorum.QuorumCnxManager.toSend(QuorumCnxManager.java:341)
	at org.apache.zookeeper.server.quorum.FastLeaderElection$Messenger$WorkerSender.process(FastLeaderElection.java:449)
	at org.apache.zookeeper.server.quorum.FastLeaderElection$Messenger$WorkerSender.run(FastLeaderElection.java:430)
	at java.lang.Thread.run(Thread.java:748)
[2021-01-16 14:39:34,421] INFO Notification: 1 (message format version), 9 (n.leader), 0x1d00009c10 (n.zxid), 0x2 (n.round), LOOKING (n.state), 7 (n.sid), 0x1d (n.peerEpoch) LOOKING (my state) (org.apache.zookeeper.server.quorum.FastLeaderElection)
[2021-01-16 14:39:34,422] INFO Notification: 1 (message format version), 5 (n.leader), 0x1d00009c10 (n.zxid), 0x1 (n.round), FOLLOWING (n.state), 2 (n.sid), 0x1d (n.peerEpoch) LOOKING (my state) (org.apache.zookeeper.server.quorum.FastLeaderElection)
[2021-01-16 14:39:34,422] INFO Notification: 1 (message format version), 5 (n.leader), 0x1d00009c10 (n.zxid), 0x1 (n.round), FOLLOWING (n.state), 4 (n.sid), 0x1d (n.peerEpoch) LOOKING (my state) (org.apache.zookeeper.server.quorum.FastLeaderElection)
[2021-01-16 14:39:34,422] INFO Notification: 1 (message format version), 5 (n.leader), 0x1d00009c10 (n.zxid), 0x1 (n.round), FOLLOWING (n.state), 3 (n.sid), 0x1d (n.peerEpoch) LOOKING (my state) (org.apache.zookeeper.server.quorum.FastLeaderElection)
[2021-01-16 14:39:34,422] INFO Notification: 1 (message format version), 5 (n.leader), 0x1d00009c10 (n.zxid), 0x1 (n.round), FOLLOWING (n.state), 0 (n.sid), 0x1d (n.peerEpoch) LOOKING (my state) (org.apache.zookeeper.server.quorum.FastLeaderElection)
[2021-01-16 14:39:34,623] INFO Notification: 1 (message format version), 9 (n.leader), 0x1d00009c10 (n.zxid), 0x2 (n.round), LOOKING (n.state), 9 (n.sid), 0x1d (n.peerEpoch) LOOKING (my state) (org.apache.zookeeper.server.quorum.FastLeaderElection)
[2021-01-16 14:39:34,859] INFO Received connection request /10.251.26.125:38166 (org.apache.zookeeper.server.quorum.QuorumCnxManager)
[2021-01-16 14:39:34,860] INFO Notification: 1 (message format version), 10 (n.leader), 0x1d00009c10 (n.zxid), 0x1 (n.round), LOOKING (n.state), 10 (n.sid), 0x1d (n.peerEpoch) LOOKING (my state) (org.apache.zookeeper.server.quorum.FastLeaderElection)
[2021-01-16 14:39:34,863] INFO Notification: 1 (message format version), 10 (n.leader), 0x1d00009c10 (n.zxid), 0x2 (n.round), LOOKING (n.state), 10 (n.sid), 0x1d (n.peerEpoch) LOOKING (my state) (org.apache.zookeeper.server.quorum.FastLeaderElection)
[2021-01-16 14:39:34,864] INFO Notification: 1 (message format version), 10 (n.leader), 0x1d00009c10 (n.zxid), 0x2 (n.round), LOOKING (n.state), 5 (n.sid), 0x1d (n.peerEpoch) LOOKING (my state) (org.apache.zookeeper.server.quorum.FastLeaderElection)
[2021-01-16 14:39:34,864] INFO Notification: 1 (message format version), 10 (n.leader), 0x1d00009c10 (n.zxid), 0x2 (n.round), LOOKING (n.state), 6 (n.sid), 0x1d (n.peerEpoch) LOOKING (my state) (org.apache.zookeeper.server.quorum.FastLeaderElection)
[2021-01-16 14:39:34,864] INFO Notification: 1 (message format version), 10 (n.leader), 0x1d00009c10 (n.zxid), 0x2 (n.round), LOOKING (n.state), 9 (n.sid), 0x1d (n.peerEpoch) LOOKING (my state) (org.apache.zookeeper.server.quorum.FastLeaderElection)
[2021-01-16 14:39:34,864] INFO Notification: 1 (message format version), 10 (n.leader), 0x1d00009c10 (n.zxid), 0x2 (n.round), LOOKING (n.state), 7 (n.sid), 0x1d (n.peerEpoch) LOOKING (my state) (org.apache.zookeeper.server.quorum.FastLeaderElection)
[2021-01-16 14:39:34,864] INFO Notification: 1 (message format version), 10 (n.leader), 0x1d00009c10 (n.zxid), 0x2 (n.round), LOOKING (n.state), 8 (n.sid), 0x1d (n.peerEpoch) LOOKING (my state) (org.apache.zookeeper.server.quorum.FastLeaderElection)
[2021-01-16 14:39:34,865] INFO Notification: 1 (message format version), 5 (n.leader), 0x1d00009c10 (n.zxid), 0x1 (n.round), FOLLOWING (n.state), 1 (n.sid), 0x1d (n.peerEpoch) LOOKING (my state) (org.apache.zookeeper.server.quorum.FastLeaderElection)
[2021-01-16 14:39:34,865] INFO Notification: 1 (message format version), 5 (n.leader), 0x1d00009c10 (n.zxid), 0x1 (n.round), FOLLOWING (n.state), 2 (n.sid), 0x1d (n.peerEpoch) LOOKING (my state) (org.apache.zookeeper.server.quorum.FastLeaderElection)
[2021-01-16 14:39:34,865] INFO Notification: 1 (message format version), 5 (n.leader), 0x1d00009c10 (n.zxid), 0x1 (n.round), FOLLOWING (n.state), 4 (n.sid), 0x1d (n.peerEpoch) LOOKING (my state) (org.apache.zookeeper.server.quorum.FastLeaderElection)
[2021-01-16 14:39:34,865] INFO Notification: 1 (message format version), 5 (n.leader), 0x1d00009c10 (n.zxid), 0x1 (n.round), FOLLOWING (n.state), 0 (n.sid), 0x1d (n.peerEpoch) LOOKING (my state) (org.apache.zookeeper.server.quorum.FastLeaderElection)
[2021-01-16 14:39:34,865] INFO Notification: 1 (message format version), 5 (n.leader), 0x1d00009c10 (n.zxid), 0x1 (n.round), FOLLOWING (n.state), 3 (n.sid), 0x1d (n.peerEpoch) LOOKING (my state) (org.apache.zookeeper.server.quorum.FastLeaderElection)
[2021-01-16 14:39:35,065] INFO FOLLOWING (org.apache.zookeeper.server.quorum.QuorumPeer)
[2021-01-16 14:39:35,070] INFO TCP NoDelay set to: true (org.apache.zookeeper.server.quorum.Learner)
[2021-01-16 14:39:35,071] INFO Created server with tickTime 2000 minSessionTimeout 4000 maxSessionTimeout 40000 datadir /data1/mongox/docker_mnt/file_dir/kafka/zookeeper/version-2 snapdir /data1/mongox/docker_mnt/file_dir/kafka/zookeeper/version-2 (org.apache.zookeeper.server.ZooKeeperServer)
[2021-01-16 14:39:35,071] INFO FOLLOWING - LEADER ELECTION TOOK - 2039 (org.apache.zookeeper.server.quorum.Learner)
[2021-01-16 14:39:35,073] WARN Unexpected exception, tries=0, connecting to /10.251.26.125:35678 (org.apache.zookeeper.server.quorum.Learner)
java.net.ConnectException: Connection refused (Connection refused)
	at java.net.PlainSocketImpl.socketConnect(Native Method)
	at java.net.AbstractPlainSocketImpl.doConnect(AbstractPlainSocketImpl.java:350)
	at java.net.AbstractPlainSocketImpl.connectToAddress(AbstractPlainSocketImpl.java:206)
	at java.net.AbstractPlainSocketImpl.connect(AbstractPlainSocketImpl.java:188)
	at java.net.SocksSocketImpl.connect(SocksSocketImpl.java:392)
	at java.net.Socket.connect(Socket.java:589)
	at org.apache.zookeeper.server.quorum.Learner.connectToLeader(Learner.java:225)
	at org.apache.zookeeper.server.quorum.Follower.followLeader(Follower.java:71)
	at org.apache.zookeeper.server.quorum.QuorumPeer.run(QuorumPeer.java:786)
[2021-01-16 14:39:36,084] INFO Getting a diff from the leader 0x1d00009c10 (org.apache.zookeeper.server.quorum.Learner)
[2021-01-16 14:39:36,089] INFO Snapshotting: 0x1d00009c10 to /data1/mongox/docker_mnt/file_dir/kafka/zookeeper/version-2/snapshot.1d00009c10 (org.apache.zookeeper.server.persistence.FileTxnSnapLog)
[2021-01-16 14:39:37,424] INFO Notification: 1 (message format version), 0 (n.leader), 0x1d00009c10 (n.zxid), 0x2 (n.round), LOOKING (n.state), 0 (n.sid), 0x1d (n.peerEpoch) FOLLOWING (my state) (org.apache.zookeeper.server.quorum.FastLeaderElection)
[2021-01-16 14:39:37,448] INFO Notification: 1 (message format version), 1 (n.leader), 0x1d00009c10 (n.zxid), 0x2 (n.round), LOOKING (n.state), 1 (n.sid), 0x1d (n.peerEpoch) FOLLOWING (my state) (org.apache.zookeeper.server.quorum.FastLeaderElection)
[2021-01-16 14:39:37,453] INFO Notification: 1 (message format version), 3 (n.leader), 0x1d00009c10 (n.zxid), 0x2 (n.round), LOOKING (n.state), 3 (n.sid), 0x1d (n.peerEpoch) FOLLOWING (my state) (org.apache.zookeeper.server.quorum.FastLeaderElection)
[2021-01-16 14:39:37,473] INFO Notification: 1 (message format version), 2 (n.leader), 0x1d00009c10 (n.zxid), 0x2 (n.round), LOOKING (n.state), 2 (n.sid), 0x1d (n.peerEpoch) FOLLOWING (my state) (org.apache.zookeeper.server.quorum.FastLeaderElection)
[2021-01-16 14:39:37,474] INFO Notification: 1 (message format version), 3 (n.leader), 0x1d00009c10 (n.zxid), 0x2 (n.round), LOOKING (n.state), 2 (n.sid), 0x1d (n.peerEpoch) FOLLOWING (my state) (org.apache.zookeeper.server.quorum.FastLeaderElection)
[2021-01-16 14:39:37,532] INFO Notification: 1 (message format version), 4 (n.leader), 0x1d00009c10 (n.zxid), 0x2 (n.round), LOOKING (n.state), 4 (n.sid), 0x1d (n.peerEpoch) FOLLOWING (my state) (org.apache.zookeeper.server.quorum.FastLeaderElection)
[2021-01-16 14:43:09,068] WARN Got zxid 0x1e00000001 expected 0x1 (org.apache.zookeeper.server.quorum.Learner)
[2021-01-16 14:43:09,069] INFO Creating new log file: log.1e00000001 (org.apache.zookeeper.server.persistence.FileTxnLog)
[2021-01-16 14:53:22,973] INFO Accepted socket connection from /10.251.26.115:50888 (org.apache.zookeeper.server.NIOServerCnxnFactory)
[2021-01-16 14:53:22,984] INFO Client attempting to establish new session at /10.251.26.115:50888 (org.apache.zookeeper.server.ZooKeeperServer)
[2021-01-16 14:53:22,991] INFO Established session 0x57709ebac970000 with negotiated timeout 30000 for client /10.251.26.115:50888 (org.apache.zookeeper.server.ZooKeeperServer)
[2021-01-16 14:53:23,832] INFO Closed socket connection for client /10.251.26.115:50888 which had sessionid 0x57709ebac970000 (org.apache.zookeeper.server.NIOServerCnxn)
[2021-01-17 00:33:26,306] INFO Accepted socket connection from /10.251.26.116:34254 (org.apache.zookeeper.server.NIOServerCnxnFactory)
[2021-01-17 00:33:26,309] INFO Client attempting to renew session 0x17709e2f2d60000 at /10.251.26.116:34254 (org.apache.zookeeper.server.ZooKeeperServer)
[2021-01-17 00:33:26,309] INFO Revalidating client: 0x17709e2f2d60000 (org.apache.zookeeper.server.quorum.Learner)
[2021-01-17 00:33:26,311] INFO Invalid session 0x17709e2f2d60000 for client /10.251.26.116:34254, probably expired (org.apache.zookeeper.server.ZooKeeperServer)
[2021-01-17 00:33:26,312] INFO Closed socket connection for client /10.251.26.116:34254 which had sessionid 0x17709e2f2d60000 (org.apache.zookeeper.server.NIOServerCnxn)
[2021-01-17 00:33:26,330] INFO Accepted socket connection from /10.251.26.116:34256 (org.apache.zookeeper.server.NIOServerCnxnFactory)
[2021-01-17 00:33:26,332] INFO Client attempting to establish new session at /10.251.26.116:34256 (org.apache.zookeeper.server.ZooKeeperServer)
[2021-01-17 00:33:26,340] INFO Established session 0x57709ebac970001 with negotiated timeout 6000 for client /10.251.26.116:34256 (org.apache.zookeeper.server.ZooKeeperServer)
[2021-01-18 10:21:27,704] INFO Accepted socket connection from /10.251.26.115:53452 (org.apache.zookeeper.server.NIOServerCnxnFactory)
[2021-01-18 10:21:27,706] INFO Client attempting to establish new session at /10.251.26.115:53452 (org.apache.zookeeper.server.ZooKeeperServer)
[2021-01-18 10:21:27,710] INFO Established session 0x57709ebac970002 with negotiated timeout 30000 for client /10.251.26.115:53452 (org.apache.zookeeper.server.ZooKeeperServer)
[2021-01-18 10:21:28,629] INFO Closed socket connection for client /10.251.26.115:53452 which had sessionid 0x57709ebac970002 (org.apache.zookeeper.server.NIOServerCnxn)
[2021-02-02 09:30:35,582] INFO Accepted socket connection from /10.251.26.115:49026 (org.apache.zookeeper.server.NIOServerCnxnFactory)
[2021-02-02 09:30:35,590] INFO Client attempting to establish new session at /10.251.26.115:49026 (org.apache.zookeeper.server.ZooKeeperServer)
[2021-02-02 09:30:35,595] INFO Established session 0x57709ebac970003 with negotiated timeout 30000 for client /10.251.26.115:49026 (org.apache.zookeeper.server.ZooKeeperServer)
[2021-02-02 09:30:35,626] INFO Closed socket connection for client /10.251.26.115:49026 which had sessionid 0x57709ebac970003 (org.apache.zookeeper.server.NIOServerCnxn)
